2024-08-24 12:13:37,652 - setup - INFO - Log setup finished!
2024-08-24 12:13:37,654 - setup - INFO - Testing!
2024-08-24 12:13:37,654 - setup - INFO - Starting Bot
2024-08-24 12:13:40,795 - RPA.core.webdriver - INFO - Downloaded webdriver to: C:\Users\gabri\AppData\Local\robocorp\webdrivers\.wdm\drivers\chromedriver\win64\127.0.6533.119\chromedriver-win32/chromedriver.exe
2024-08-24 12:13:41,021 - RPA.Browser.Selenium - INFO - Webdriver version taken into use: ChromeDriver 127.0.6533.119 (bdef6783a05f0b3f885591e7d2c7b2aec1a89dea-refs/branch-heads/6533@{#1999})

2024-08-24 12:13:41,022 - RobotFramework - INFO - Creating an instance of the Chrome WebDriver.
2024-08-24 12:13:42,184 - RPA.Browser.Selenium - INFO - Created Chrome browser (version 127.0.6533) with arguments: --disable-dev-shm-usage --disable-web-security --allow-running-insecure-content --no-sandbox
2024-08-24 12:13:42,185 - RobotFramework - INFO - <p>Attempted combinations:</p><div class="doc"><table><tr><th>Browser</th><th>Download</th><th>Error</th></tr><tr><td>Chrome</td><td>False</td><td>Message: Webdriver executable 'chromedriver' is not in PATH (with disabled Selenium Manager)
</td></tr><tr><td>Chrome</td><td>True</td><td></td></tr></table></div>
2024-08-24 12:13:42,185 - RobotFramework - INFO - Opening url 'https://www.aljazeera.com/'
2024-08-24 12:13:42,982 - setup - ERROR - Message: no such window: target window already closed
from unknown error: web view not found
  (Session info: chrome=127.0.6533.120)
Stacktrace:
	GetHandleVerifier [0x00B38923+23283]
	(No symbol) [0x00AFE934]
	(No symbol) [0x00A30733]
	(No symbol) [0x00A0D2E3]
	(No symbol) [0x00A9A64F]
	(No symbol) [0x00AAC686]
	(No symbol) [0x00A941B6]
	(No symbol) [0x00A68017]
	(No symbol) [0x00A6890D]
	GetHandleVerifier [0x00C2A5F3+1013699]
	GetHandleVerifier [0x00C33E4C+1052700]
	GetHandleVerifier [0x00C2D4B4+1025668]
	GetHandleVerifier [0x00B5EA2B+179195]
	(No symbol) [0x00B06833]
	(No symbol) [0x00B03198]
	(No symbol) [0x00B03337]
	(No symbol) [0x00AFB4BE]
	BaseThreadInitThunk [0x75517BA9+25]
	RtlInitializeExceptionChain [0x76FDC10B+107]
	RtlClearBits [0x76FDC08F+191]

